<?xml version="1.0" encoding="UTF-8"?>
<TestRun id="cf800659-d747-4d04-a0c8-24270f3c1cf5" name="william.rego@WILLIAMREGO-PC 2012-11-16 01:07:15" runUser="williamrego-PC\william.rego" xmlns="http://microsoft.com/schemas/VisualStudio/TeamTest/2010">
  <TestSettings name="Local" id="8743e5cd-3118-4090-b673-81fef66ddb03">
    <Description>These are default test settings for a local test run.</Description>
    <Deployment enabled="false" runDeploymentRoot="william.rego_WILLIAMREGO-PC 2012-11-16 01_07_15">
      <DeploymentItem filename="C:\WILLIAM\GITHUB\INFNET\ProjetoInfnetPOO\Infnet\Infnet.EngSoft.SistemaBancario.Modelo\bin\Debug\Infnet.EngSoft.SistemaBancario.Modelo.dll" />
      <DeploymentItem filename="C:\WILLIAM\GITHUB\INFNET\ProjetoInfnetPOO\Infnet\Infnet.EngSoft.SistemaBancario.Model.Teste\bin\Debug\Infnet.EngSoft.SistemaBancario.Model.Teste.dll" />
      <DeploymentItem filename="C:\WILLIAM\GITHUB\INFNET\ProjetoInfnetPOO\Infnet\Infnet.EngSoft.SistemaBancario.Servicos\bin\Debug\Infnet.EngSoft.SistemaBancario.Servicos.dll" />
      <DeploymentItem filename="C:\WILLIAM\GITHUB\INFNET\ProjetoInfnetPOO\Infnet\packages\NUnit.2.6.2\lib\nunit.framework.dll" />
      <DeploymentItem filename="C:\WILLIAM\GITHUB\INFNET\ProjetoInfnetPOO\Infnet\Infnet.EngSoft.SistemaBancario.Repositorio\bin\Debug\Infnet.EngSoft.SistemaBancario.Repositorio.dll" />
    </Deployment>
    <Execution>
      <TestTypeSpecific />
      <AgentRule name="Execution Agents">
      </AgentRule>
    </Execution>
  </TestSettings>
  <Times creation="2012-11-16T01:07:15.1735137-02:00" queuing="2012-11-16T01:07:16.6966009-02:00" start="2012-11-16T01:07:16.7626046-02:00" finish="2012-11-16T01:07:17.5046471-02:00" />
  <ResultSummary outcome="Inconclusive">
    <Counters total="4" executed="4" error="0" failed="0" timeout="0" aborted="0" inconclusive="4" passedButRunAborted="0" notRunnable="0" notExecuted="0" disconnected="0" warning="0" passed="0" completed="0" inProgress="0" pending="0" />
  </ResultSummary>
  <TestDefinitions>
    <UnitTest name="testar_saque_transacoesBancariasTest" storage="c:\william\github\infnet\projetoinfnetpoo\infnet\projetodeteste\bin\debug\projetodeteste.dll" id="31f3c81a-2508-336d-76cd-7331d6f5a009">
      <Execution id="88bf91f8-c61a-4a34-b62b-4d9f162bf59f" />
      <TestMethod codeBase="C:/WILLIAM/GITHUB/INFNET/ProjetoInfnetPOO/Infnet/ProjetoDeTeste/bin/Debug/ProjetoDeTeste.DLL" adapterTypeName="Microsoft.VisualStudio.TestTools.TestTypes.Unit.UnitTestAdapter, Microsoft.VisualStudio.QualityTools.Tips.UnitTest.Adapter, Version=10.0.0.0, Culture=neutral, PublicKeyToken=b03f5f7f11d50a3a" className="Infnet.EngSoft.SistemaBancario.ProjetoDeTeste.SaqueTestesTest, ProjetoDeTeste, Version=1.0.0.0, Culture=neutral, PublicKeyToken=null" name="testar_saque_transacoesBancariasTest" />
    </UnitTest>
    <UnitTest name="testar_saqueTest" storage="c:\william\github\infnet\projetoinfnetpoo\infnet\projetodeteste\bin\debug\projetodeteste.dll" id="2ddb5bb1-6a1d-ea9b-5736-64fe8dc1a2d9">
      <Execution id="936bc5c8-0dc8-4ae5-b48a-eefc30bc1355" />
      <TestMethod codeBase="C:/WILLIAM/GITHUB/INFNET/ProjetoInfnetPOO/Infnet/ProjetoDeTeste/bin/Debug/ProjetoDeTeste.DLL" adapterTypeName="Microsoft.VisualStudio.TestTools.TestTypes.Unit.UnitTestAdapter, Microsoft.VisualStudio.QualityTools.Tips.UnitTest.Adapter, Version=10.0.0.0, Culture=neutral, PublicKeyToken=b03f5f7f11d50a3a" className="Infnet.EngSoft.SistemaBancario.ProjetoDeTeste.SaqueTestesTest, ProjetoDeTeste, Version=1.0.0.0, Culture=neutral, PublicKeyToken=null" name="testar_saqueTest" />
    </UnitTest>
    <UnitTest name="SaqueTestesConstructorTest" storage="c:\william\github\infnet\projetoinfnetpoo\infnet\projetodeteste\bin\debug\projetodeteste.dll" id="d75d2f60-cb08-792c-c9d2-728ef6e70223">
      <Execution id="85246d5e-bd4b-4a40-97db-9f9dc3fa9492" />
      <TestMethod codeBase="C:/WILLIAM/GITHUB/INFNET/ProjetoInfnetPOO/Infnet/ProjetoDeTeste/bin/Debug/ProjetoDeTeste.DLL" adapterTypeName="Microsoft.VisualStudio.TestTools.TestTypes.Unit.UnitTestAdapter, Microsoft.VisualStudio.QualityTools.Tips.UnitTest.Adapter, Version=10.0.0.0, Culture=neutral, PublicKeyToken=b03f5f7f11d50a3a" className="Infnet.EngSoft.SistemaBancario.ProjetoDeTeste.SaqueTestesTest, ProjetoDeTeste, Version=1.0.0.0, Culture=neutral, PublicKeyToken=null" name="SaqueTestesConstructorTest" />
    </UnitTest>
    <UnitTest name="testar_saque_transacoesBancarias1Test" storage="c:\william\github\infnet\projetoinfnetpoo\infnet\projetodeteste\bin\debug\projetodeteste.dll" id="65b0db95-f32b-7878-7f22-75916c041c38">
      <Execution id="dbfd661f-4ef8-46e5-91e6-58a74a0a4da2" />
      <TestMethod codeBase="C:/WILLIAM/GITHUB/INFNET/ProjetoInfnetPOO/Infnet/ProjetoDeTeste/bin/Debug/ProjetoDeTeste.DLL" adapterTypeName="Microsoft.VisualStudio.TestTools.TestTypes.Unit.UnitTestAdapter, Microsoft.VisualStudio.QualityTools.Tips.UnitTest.Adapter, Version=10.0.0.0, Culture=neutral, PublicKeyToken=b03f5f7f11d50a3a" className="Infnet.EngSoft.SistemaBancario.ProjetoDeTeste.SaqueTestesTest, ProjetoDeTeste, Version=1.0.0.0, Culture=neutral, PublicKeyToken=null" name="testar_saque_transacoesBancarias1Test" />
    </UnitTest>
  </TestDefinitions>
  <TestLists>
    <TestList name="Results Not in a List" id="8c84fa94-04c1-424b-9868-57a2d4851a1d" />
    <TestList name="All Loaded Results" id="19431567-8539-422a-85d7-44ee4e166bda" />
  </TestLists>
  <TestEntries>
    <TestEntry testId="2ddb5bb1-6a1d-ea9b-5736-64fe8dc1a2d9" executionId="936bc5c8-0dc8-4ae5-b48a-eefc30bc1355" testListId="8c84fa94-04c1-424b-9868-57a2d4851a1d" />
    <TestEntry testId="31f3c81a-2508-336d-76cd-7331d6f5a009" executionId="88bf91f8-c61a-4a34-b62b-4d9f162bf59f" testListId="8c84fa94-04c1-424b-9868-57a2d4851a1d" />
    <TestEntry testId="65b0db95-f32b-7878-7f22-75916c041c38" executionId="dbfd661f-4ef8-46e5-91e6-58a74a0a4da2" testListId="8c84fa94-04c1-424b-9868-57a2d4851a1d" />
    <TestEntry testId="d75d2f60-cb08-792c-c9d2-728ef6e70223" executionId="85246d5e-bd4b-4a40-97db-9f9dc3fa9492" testListId="8c84fa94-04c1-424b-9868-57a2d4851a1d" />
  </TestEntries>
  <Results>
    <UnitTestResult executionId="936bc5c8-0dc8-4ae5-b48a-eefc30bc1355" testId="2ddb5bb1-6a1d-ea9b-5736-64fe8dc1a2d9" testName="testar_saqueTest" computerName="WILLIAMREGO-PC" duration="00:00:00.1464180" startTime="2012-11-16T01:07:16.7856060-02:00" endTime="2012-11-16T01:07:17.3926407-02:00" testType="13cdc9d9-ddb5-4fa4-a97d-d965ccfc6d4b" outcome="Inconclusive" testListId="8c84fa94-04c1-424b-9868-57a2d4851a1d" relativeResultsDirectory="936bc5c8-0dc8-4ae5-b48a-eefc30bc1355">
      <Output>
        <ErrorInfo>
          <Message>Assert.Inconclusive failed. A method that does not return a value cannot be verified.</Message>
          <StackTrace>   at Infnet.EngSoft.SistemaBancario.ProjetoDeTeste.SaqueTestesTest.testar_saqueTest() in C:\WILLIAM\GITHUB\INFNET\ProjetoInfnetPOO\Infnet\ProjetoDeTeste\SaqueTestesTest.cs:line 96
</StackTrace>
        </ErrorInfo>
      </Output>
    </UnitTestResult>
    <UnitTestResult executionId="88bf91f8-c61a-4a34-b62b-4d9f162bf59f" testId="31f3c81a-2508-336d-76cd-7331d6f5a009" testName="testar_saque_transacoesBancariasTest" computerName="WILLIAMREGO-PC" duration="00:00:00.0042626" startTime="2012-11-16T01:07:17.3946408-02:00" endTime="2012-11-16T01:07:17.4106417-02:00" testType="13cdc9d9-ddb5-4fa4-a97d-d965ccfc6d4b" outcome="Inconclusive" testListId="8c84fa94-04c1-424b-9868-57a2d4851a1d" relativeResultsDirectory="88bf91f8-c61a-4a34-b62b-4d9f162bf59f">
      <Output>
        <ErrorInfo>
          <Message>Assert.Inconclusive failed. A method that does not return a value cannot be verified.</Message>
          <StackTrace>   at Infnet.EngSoft.SistemaBancario.ProjetoDeTeste.SaqueTestesTest.testar_saque_transacoesBancariasTest() in C:\WILLIAM\GITHUB\INFNET\ProjetoInfnetPOO\Infnet\ProjetoDeTeste\SaqueTestesTest.cs:line 75
</StackTrace>
        </ErrorInfo>
      </Output>
    </UnitTestResult>
    <UnitTestResult executionId="dbfd661f-4ef8-46e5-91e6-58a74a0a4da2" testId="65b0db95-f32b-7878-7f22-75916c041c38" testName="testar_saque_transacoesBancarias1Test" computerName="WILLIAMREGO-PC" duration="00:00:00.0103356" startTime="2012-11-16T01:07:17.4156420-02:00" endTime="2012-11-16T01:07:17.4296428-02:00" testType="13cdc9d9-ddb5-4fa4-a97d-d965ccfc6d4b" outcome="Inconclusive" testListId="8c84fa94-04c1-424b-9868-57a2d4851a1d" relativeResultsDirectory="dbfd661f-4ef8-46e5-91e6-58a74a0a4da2">
      <Output>
        <ErrorInfo>
          <Message>Assert.Inconclusive failed. A method that does not return a value cannot be verified.</Message>
          <StackTrace>   at Infnet.EngSoft.SistemaBancario.ProjetoDeTeste.SaqueTestesTest.testar_saque_transacoesBancarias1Test() in C:\WILLIAM\GITHUB\INFNET\ProjetoInfnetPOO\Infnet\ProjetoDeTeste\SaqueTestesTest.cs:line 107
</StackTrace>
        </ErrorInfo>
      </Output>
    </UnitTestResult>
    <UnitTestResult executionId="85246d5e-bd4b-4a40-97db-9f9dc3fa9492" testId="d75d2f60-cb08-792c-c9d2-728ef6e70223" testName="SaqueTestesConstructorTest" computerName="WILLIAMREGO-PC" duration="00:00:00.0006617" startTime="2012-11-16T01:07:17.4356431-02:00" endTime="2012-11-16T01:07:17.4386433-02:00" testType="13cdc9d9-ddb5-4fa4-a97d-d965ccfc6d4b" outcome="Inconclusive" testListId="8c84fa94-04c1-424b-9868-57a2d4851a1d" relativeResultsDirectory="85246d5e-bd4b-4a40-97db-9f9dc3fa9492">
      <Output>
        <ErrorInfo>
          <Message>Assert.Inconclusive failed. TODO: Implement code to verify target</Message>
          <StackTrace>   at Infnet.EngSoft.SistemaBancario.ProjetoDeTeste.SaqueTestesTest.SaqueTestesConstructorTest() in C:\WILLIAM\GITHUB\INFNET\ProjetoInfnetPOO\Infnet\ProjetoDeTeste\SaqueTestesTest.cs:line 85
</StackTrace>
        </ErrorInfo>
      </Output>
    </UnitTestResult>
  </Results>
</TestRun>