<?xml version="1.0" encoding="UTF-8"?>
<TestRun id="0d221b68-e4ca-4e2c-9401-36bb9ec940cb" name="william.rego@WILLIAMREGO-PC 2012-11-16 01:08:35" runUser="williamrego-PC\william.rego" xmlns="http://microsoft.com/schemas/VisualStudio/TeamTest/2010">
  <TestSettings name="Local" id="8743e5cd-3118-4090-b673-81fef66ddb03">
    <Description>These are default test settings for a local test run.</Description>
    <Deployment enabled="false" runDeploymentRoot="william.rego_WILLIAMREGO-PC 2012-11-16 01_08_35">
      <DeploymentItem filename="C:\WILLIAM\GITHUB\INFNET\ProjetoInfnetPOO\Infnet\Infnet.EngSoft.SistemaBancario.Modelo\bin\Debug\Infnet.EngSoft.SistemaBancario.Modelo.dll" />
      <DeploymentItem filename="C:\WILLIAM\GITHUB\INFNET\ProjetoInfnetPOO\Infnet\Infnet.EngSoft.SistemaBancario.Model.Teste\bin\Debug\Infnet.EngSoft.SistemaBancario.Model.Teste.dll" />
      <DeploymentItem filename="C:\WILLIAM\GITHUB\INFNET\ProjetoInfnetPOO\Infnet\Infnet.EngSoft.SistemaBancario.Servicos\bin\Debug\Infnet.EngSoft.SistemaBancario.Servicos.dll" />
      <DeploymentItem filename="C:\WILLIAM\GITHUB\INFNET\ProjetoInfnetPOO\Infnet\packages\NUnit.2.6.2\lib\nunit.framework.dll" />
      <DeploymentItem filename="C:\WILLIAM\GITHUB\INFNET\ProjetoInfnetPOO\Infnet\Infnet.EngSoft.SistemaBancario.Repositorio\bin\Debug\Infnet.EngSoft.SistemaBancario.Repositorio.dll" />
    </Deployment>
    <Execution>
      <TestTypeSpecific />
      <AgentRule name="Execution Agents">
      </AgentRule>
    </Execution>
  </TestSettings>
  <Times creation="2012-11-16T01:08:35.7461222-02:00" queuing="2012-11-16T01:08:35.7871246-02:00" start="2012-11-16T01:08:35.7961251-02:00" finish="2012-11-16T01:08:36.1001425-02:00" />
  <ResultSummary outcome="Inconclusive">
    <Counters total="4" executed="4" error="0" failed="0" timeout="0" aborted="0" inconclusive="4" passedButRunAborted="0" notRunnable="0" notExecuted="0" disconnected="0" warning="0" passed="0" completed="0" inProgress="0" pending="0" />
  </ResultSummary>
  <TestDefinitions>
    <UnitTest name="testar_saque_transacoesBancariasTest" storage="c:\william\github\infnet\projetoinfnetpoo\infnet\projetodeteste\bin\debug\projetodeteste.dll" id="31f3c81a-2508-336d-76cd-7331d6f5a009">
      <Execution id="5fde9d02-10ca-4ba1-8ac8-55be0eef2be7" />
      <TestMethod codeBase="C:/WILLIAM/GITHUB/INFNET/ProjetoInfnetPOO/Infnet/ProjetoDeTeste/bin/Debug/ProjetoDeTeste.DLL" adapterTypeName="Microsoft.VisualStudio.TestTools.TestTypes.Unit.UnitTestAdapter, Microsoft.VisualStudio.QualityTools.Tips.UnitTest.Adapter, Version=10.0.0.0, Culture=neutral, PublicKeyToken=b03f5f7f11d50a3a" className="Infnet.EngSoft.SistemaBancario.ProjetoDeTeste.SaqueTestesTest, ProjetoDeTeste, Version=1.0.0.0, Culture=neutral, PublicKeyToken=null" name="testar_saque_transacoesBancariasTest" />
    </UnitTest>
    <UnitTest name="testar_saqueTest" storage="c:\william\github\infnet\projetoinfnetpoo\infnet\projetodeteste\bin\debug\projetodeteste.dll" id="2ddb5bb1-6a1d-ea9b-5736-64fe8dc1a2d9">
      <Execution id="8703886d-7fe9-4260-b9de-9987c8615323" />
      <TestMethod codeBase="C:/WILLIAM/GITHUB/INFNET/ProjetoInfnetPOO/Infnet/ProjetoDeTeste/bin/Debug/ProjetoDeTeste.DLL" adapterTypeName="Microsoft.VisualStudio.TestTools.TestTypes.Unit.UnitTestAdapter, Microsoft.VisualStudio.QualityTools.Tips.UnitTest.Adapter, Version=10.0.0.0, Culture=neutral, PublicKeyToken=b03f5f7f11d50a3a" className="Infnet.EngSoft.SistemaBancario.ProjetoDeTeste.SaqueTestesTest, ProjetoDeTeste, Version=1.0.0.0, Culture=neutral, PublicKeyToken=null" name="testar_saqueTest" />
    </UnitTest>
    <UnitTest name="SaqueTestesConstructorTest" storage="c:\william\github\infnet\projetoinfnetpoo\infnet\projetodeteste\bin\debug\projetodeteste.dll" id="d75d2f60-cb08-792c-c9d2-728ef6e70223">
      <Execution id="6934c0c2-5d25-4d36-8939-bf9e35504ab0" />
      <TestMethod codeBase="C:/WILLIAM/GITHUB/INFNET/ProjetoInfnetPOO/Infnet/ProjetoDeTeste/bin/Debug/ProjetoDeTeste.DLL" adapterTypeName="Microsoft.VisualStudio.TestTools.TestTypes.Unit.UnitTestAdapter, Microsoft.VisualStudio.QualityTools.Tips.UnitTest.Adapter, Version=10.0.0.0, Culture=neutral, PublicKeyToken=b03f5f7f11d50a3a" className="Infnet.EngSoft.SistemaBancario.ProjetoDeTeste.SaqueTestesTest, ProjetoDeTeste, Version=1.0.0.0, Culture=neutral, PublicKeyToken=null" name="SaqueTestesConstructorTest" />
    </UnitTest>
    <UnitTest name="testar_saque_transacoesBancarias1Test" storage="c:\william\github\infnet\projetoinfnetpoo\infnet\projetodeteste\bin\debug\projetodeteste.dll" id="65b0db95-f32b-7878-7f22-75916c041c38">
      <Execution id="70c1e3b9-5aea-4f9e-b4a7-073c93445cb4" />
      <TestMethod codeBase="C:/WILLIAM/GITHUB/INFNET/ProjetoInfnetPOO/Infnet/ProjetoDeTeste/bin/Debug/ProjetoDeTeste.DLL" adapterTypeName="Microsoft.VisualStudio.TestTools.TestTypes.Unit.UnitTestAdapter, Microsoft.VisualStudio.QualityTools.Tips.UnitTest.Adapter, Version=10.0.0.0, Culture=neutral, PublicKeyToken=b03f5f7f11d50a3a" className="Infnet.EngSoft.SistemaBancario.ProjetoDeTeste.SaqueTestesTest, ProjetoDeTeste, Version=1.0.0.0, Culture=neutral, PublicKeyToken=null" name="testar_saque_transacoesBancarias1Test" />
    </UnitTest>
  </TestDefinitions>
  <TestLists>
    <TestList name="Results Not in a List" id="8c84fa94-04c1-424b-9868-57a2d4851a1d" />
    <TestList name="All Loaded Results" id="19431567-8539-422a-85d7-44ee4e166bda" />
  </TestLists>
  <TestEntries>
    <TestEntry testId="2ddb5bb1-6a1d-ea9b-5736-64fe8dc1a2d9" executionId="8703886d-7fe9-4260-b9de-9987c8615323" testListId="8c84fa94-04c1-424b-9868-57a2d4851a1d" />
    <TestEntry testId="31f3c81a-2508-336d-76cd-7331d6f5a009" executionId="5fde9d02-10ca-4ba1-8ac8-55be0eef2be7" testListId="8c84fa94-04c1-424b-9868-57a2d4851a1d" />
    <TestEntry testId="65b0db95-f32b-7878-7f22-75916c041c38" executionId="70c1e3b9-5aea-4f9e-b4a7-073c93445cb4" testListId="8c84fa94-04c1-424b-9868-57a2d4851a1d" />
    <TestEntry testId="d75d2f60-cb08-792c-c9d2-728ef6e70223" executionId="6934c0c2-5d25-4d36-8939-bf9e35504ab0" testListId="8c84fa94-04c1-424b-9868-57a2d4851a1d" />
  </TestEntries>
  <Results>
    <UnitTestResult executionId="8703886d-7fe9-4260-b9de-9987c8615323" testId="2ddb5bb1-6a1d-ea9b-5736-64fe8dc1a2d9" testName="testar_saqueTest" computerName="WILLIAMREGO-PC" duration="00:00:00.0471950" startTime="2012-11-16T01:08:35.7981252-02:00" endTime="2012-11-16T01:08:36.0481395-02:00" testType="13cdc9d9-ddb5-4fa4-a97d-d965ccfc6d4b" outcome="Inconclusive" testListId="8c84fa94-04c1-424b-9868-57a2d4851a1d" relativeResultsDirectory="8703886d-7fe9-4260-b9de-9987c8615323">
      <Output>
        <ErrorInfo>
          <Message>Assert.Inconclusive failed. A method that does not return a value cannot be verified.</Message>
          <StackTrace>   at Infnet.EngSoft.SistemaBancario.ProjetoDeTeste.SaqueTestesTest.testar_saqueTest() in C:\WILLIAM\GITHUB\INFNET\ProjetoInfnetPOO\Infnet\ProjetoDeTeste\SaqueTestesTest.cs:line 96
</StackTrace>
        </ErrorInfo>
      </Output>
    </UnitTestResult>
    <UnitTestResult executionId="5fde9d02-10ca-4ba1-8ac8-55be0eef2be7" testId="31f3c81a-2508-336d-76cd-7331d6f5a009" testName="testar_saque_transacoesBancariasTest" computerName="WILLIAMREGO-PC" duration="00:00:00.0029133" startTime="2012-11-16T01:08:36.0511397-02:00" endTime="2012-11-16T01:08:36.0571400-02:00" testType="13cdc9d9-ddb5-4fa4-a97d-d965ccfc6d4b" outcome="Inconclusive" testListId="8c84fa94-04c1-424b-9868-57a2d4851a1d" relativeResultsDirectory="5fde9d02-10ca-4ba1-8ac8-55be0eef2be7">
      <Output>
        <ErrorInfo>
          <Message>Assert.Inconclusive failed. A method that does not return a value cannot be verified.</Message>
          <StackTrace>   at Infnet.EngSoft.SistemaBancario.ProjetoDeTeste.SaqueTestesTest.testar_saque_transacoesBancariasTest() in C:\WILLIAM\GITHUB\INFNET\ProjetoInfnetPOO\Infnet\ProjetoDeTeste\SaqueTestesTest.cs:line 75
</StackTrace>
        </ErrorInfo>
      </Output>
    </UnitTestResult>
    <UnitTestResult executionId="70c1e3b9-5aea-4f9e-b4a7-073c93445cb4" testId="65b0db95-f32b-7878-7f22-75916c041c38" testName="testar_saque_transacoesBancarias1Test" computerName="WILLIAMREGO-PC" duration="00:00:00.0099808" startTime="2012-11-16T01:08:36.0611403-02:00" endTime="2012-11-16T01:08:36.0751411-02:00" testType="13cdc9d9-ddb5-4fa4-a97d-d965ccfc6d4b" outcome="Inconclusive" testListId="8c84fa94-04c1-424b-9868-57a2d4851a1d" relativeResultsDirectory="70c1e3b9-5aea-4f9e-b4a7-073c93445cb4">
      <Output>
        <ErrorInfo>
          <Message>Assert.Inconclusive failed. A method that does not return a value cannot be verified.</Message>
          <StackTrace>   at Infnet.EngSoft.SistemaBancario.ProjetoDeTeste.SaqueTestesTest.testar_saque_transacoesBancarias1Test() in C:\WILLIAM\GITHUB\INFNET\ProjetoInfnetPOO\Infnet\ProjetoDeTeste\SaqueTestesTest.cs:line 107
</StackTrace>
        </ErrorInfo>
      </Output>
    </UnitTestResult>
    <UnitTestResult executionId="6934c0c2-5d25-4d36-8939-bf9e35504ab0" testId="d75d2f60-cb08-792c-c9d2-728ef6e70223" testName="SaqueTestesConstructorTest" computerName="WILLIAMREGO-PC" duration="00:00:00.0006675" startTime="2012-11-16T01:08:36.0781412-02:00" endTime="2012-11-16T01:08:36.0821415-02:00" testType="13cdc9d9-ddb5-4fa4-a97d-d965ccfc6d4b" outcome="Inconclusive" testListId="8c84fa94-04c1-424b-9868-57a2d4851a1d" relativeResultsDirectory="6934c0c2-5d25-4d36-8939-bf9e35504ab0">
      <Output>
        <ErrorInfo>
          <Message>Assert.Inconclusive failed. TODO: Implement code to verify target</Message>
          <StackTrace>   at Infnet.EngSoft.SistemaBancario.ProjetoDeTeste.SaqueTestesTest.SaqueTestesConstructorTest() in C:\WILLIAM\GITHUB\INFNET\ProjetoInfnetPOO\Infnet\ProjetoDeTeste\SaqueTestesTest.cs:line 85
</StackTrace>
        </ErrorInfo>
      </Output>
    </UnitTestResult>
  </Results>
</TestRun>